<?xml version="1.0" encoding="UTF-8"?>
<!-- Generated by org.testng.reporters.JUnitReportReporter -->
<testsuite hostname="RAJESH" failures="0" tests="1" name="TestngPack.TestNGcase4" time="0.004" errors="0" timestamp="2023-11-01T15:24:14 IST" skipped="0">
  <testcase classname="TestngPack.TestNGcase4" name="third" time="0.004"/>
</testsuite> <!-- TestngPack.TestNGcase4 -->
