<?xml version="1.0" encoding="UTF-8"?>
<!-- Generated by org.testng.reporters.JUnitReportReporter -->
<testsuite hostname="RAJESH" failures="0" tests="1" name="TestngPack.TestNG1" time="0.006" errors="0" timestamp="2023-11-01T09:10:21 IST" skipped="0">
  <testcase classname="TestngPack.TestNG1" name="Tst" time="0.006"/>
</testsuite> <!-- TestngPack.TestNG1 -->
