<?xml version="1.0" encoding="UTF-8"?>
<!-- Generated by org.testng.reporters.JUnitReportReporter -->
<testsuite hostname="RAJESH" failures="0" tests="1" name="amazonTestSuite.AmazonPaymentcase5" time="0.007" errors="0" timestamp="2023-11-08T12:46:07 IST" skipped="0">
  <testcase classname="amazonTestSuite.AmazonPaymentcase5" name="Scanner" time="0.007"/>
</testsuite> <!-- amazonTestSuite.AmazonPaymentcase5 -->
