<?xml version="1.0" encoding="UTF-8"?>
<!-- Generated by org.testng.reporters.JUnitReportReporter -->
<testsuite hostname="RAJESH" failures="0" tests="3" name="TestngPack.TestNgpriority1" time="0.009" errors="0" timestamp="2023-11-01T15:45:50 IST" skipped="0">
  <testcase classname="TestngPack.TestNgpriority1" name="asd" time="0.006"/>
  <testcase classname="TestngPack.TestNgpriority1" name="ABC" time="0.002"/>
  <testcase classname="TestngPack.TestNgpriority1" name="BCD" time="0.001"/>
</testsuite> <!-- TestngPack.TestNgpriority1 -->
