<?xml version="1.0" encoding="UTF-8"?>
<!-- Generated by org.testng.reporters.JUnitReportReporter -->
<testsuite hostname="RAJESH" failures="0" tests="1" name="TestngPack.Reporter" time="3.902" errors="0" timestamp="2023-11-01T09:22:41 IST" skipped="0">
  <testcase classname="TestngPack.Reporter" name="google" time="3.902"/>
</testsuite> <!-- TestngPack.Reporter -->
