<?xml version="1.0" encoding="UTF-8"?>
<!-- Generated by org.testng.reporters.JUnitReportReporter -->
<testsuite hostname="RAJESH" failures="0" tests="3" name="TestngPack.TestNgEnabled" time="0.005" errors="0" timestamp="2023-11-01T15:50:12 IST" skipped="1">
  <testcase classname="TestngPack.TestNgEnabled" name="asd" time="0.005"/>
  <testcase classname="TestngPack.TestNgEnabled" name="ABC" time="0.000"/>
  <testcase classname="TestngPack.TestNgEnabled" name="BCD">
    <skipped/>
  </testcase> <!-- BCD -->
</testsuite> <!-- TestngPack.TestNgEnabled -->
