<?xml version="1.0" encoding="UTF-8"?>
<!-- Generated by org.testng.reporters.JUnitReportReporter -->
<testsuite hostname="RAJESH" failures="0" tests="3" name="TestngPack.TestNgpriority2" time="0.007" errors="0" timestamp="2023-11-01T15:47:01 IST" skipped="0">
  <testcase classname="TestngPack.TestNgpriority2" name="BCD" time="0.005"/>
  <testcase classname="TestngPack.TestNgpriority2" name="asd" time="0.001"/>
  <testcase classname="TestngPack.TestNgpriority2" name="ABC" time="0.001"/>
</testsuite> <!-- TestngPack.TestNgpriority2 -->
