<?xml version="1.0" encoding="UTF-8"?>
<!-- Generated by org.testng.reporters.JUnitReportReporter -->
<testsuite hostname="RAJESH" failures="0" tests="1" name="TestngPack.TestNgTimeout" time="2.278" errors="0" timestamp="2023-11-01T15:57:15 IST" skipped="0">
  <testcase classname="TestngPack.TestNgTimeout" name="launch" time="2.278">
    <system-out>
      <![CDATA[Test Case 1 last line]]>
    </system-out>
  </testcase> <!-- launch -->
  <system-out>
    <![CDATA[Test Case 1 last line]]>
  </system-out>
</testsuite> <!-- TestngPack.TestNgTimeout -->
