<?xml version="1.0" encoding="UTF-8"?>
<!-- Generated by org.testng.reporters.JUnitReportReporter -->
<testsuite hostname="RAJESH" failures="0" tests="2" name="TestngPack.TestNgcase9" time="0.011" errors="0" timestamp="2023-11-01T15:39:24 IST" skipped="0">
  <testcase classname="TestngPack.TestNgcase9" name="BCD" time="0.000"/>
  <testcase classname="TestngPack.TestNgcase9" name="ABC" time="0.011"/>
</testsuite> <!-- TestngPack.TestNgcase9 -->
