<?xml version="1.0" encoding="UTF-8"?>
<!-- Generated by org.testng.reporters.JUnitReportReporter -->
<testsuite hostname="RAJESH" failures="0" tests="1" name="amazonTestSuite.AmazonPaymentcase4" time="0.002" errors="0" timestamp="2023-11-08T12:46:07 IST" skipped="0">
  <testcase classname="amazonTestSuite.AmazonPaymentcase4" name="cod" time="0.002"/>
</testsuite> <!-- amazonTestSuite.AmazonPaymentcase4 -->
