<?xml version="1.0" encoding="UTF-8"?>
<!-- Generated by org.testng.reporters.JUnitReportReporter -->
<testsuite hostname="RAJESH" failures="0" tests="5" name="TestngPack.InvocationCount" time="0.008" errors="0" timestamp="2023-11-01T15:52:11 IST" skipped="1">
  <testcase classname="TestngPack.InvocationCount" name="BCD" time="0.000"/>
  <testcase classname="TestngPack.InvocationCount" name="BCD" time="0.006"/>
  <testcase classname="TestngPack.InvocationCount" name="BCD" time="0.000"/>
  <testcase classname="TestngPack.InvocationCount" name="asd" time="0.002"/>
  <testcase classname="TestngPack.InvocationCount" name="ABC">
    <skipped/>
  </testcase> <!-- ABC -->
</testsuite> <!-- TestngPack.InvocationCount -->
