<?xml version="1.0" encoding="UTF-8"?>
<!-- Generated by org.testng.reporters.JUnitReportReporter -->
<testsuite hostname="RAJESH" failures="0" tests="2" name="TestngPack.TestNGcase7" time="0.004" errors="0" timestamp="2023-11-01T15:35:14 IST" skipped="0">
  <testcase classname="TestngPack.TestNGcase7" name="BCD" time="0.001"/>
  <testcase classname="TestngPack.TestNGcase7" name="ABC" time="0.003"/>
</testsuite> <!-- TestngPack.TestNGcase7 -->
