<?xml version="1.0" encoding="UTF-8"?>
<!-- Generated by org.testng.reporters.JUnitReportReporter -->
<testsuite hostname="RAJESH" failures="0" tests="2" name="TestngPack.TestNgcase8" time="0.011" errors="0" timestamp="2023-11-01T15:37:16 IST" skipped="0">
  <testcase classname="TestngPack.TestNgcase8" name="BCD" time="0.001"/>
  <testcase classname="TestngPack.TestNgcase8" name="ABC" time="0.010"/>
</testsuite> <!-- TestngPack.TestNgcase8 -->
