<?xml version="1.0" encoding="UTF-8"?>
<!-- Generated by org.testng.reporters.JUnitReportReporter -->
<testsuite hostname="RAJESH" failures="0" tests="1" name="amazonTestSuite.AmazonPaymentcase3" time="0.001" errors="0" timestamp="2023-11-08T12:46:07 IST" skipped="0">
  <testcase classname="amazonTestSuite.AmazonPaymentcase3" name="Amazonpay" time="0.001"/>
</testsuite> <!-- amazonTestSuite.AmazonPaymentcase3 -->
