<?xml version="1.0" encoding="UTF-8"?>
<!-- Generated by org.testng.reporters.JUnitReportReporter -->
<testsuite hostname="RAJESH" failures="0" tests="2" name="TestngPack.TestNgcase6" time="0.005" errors="0" timestamp="2023-11-01T15:33:06 IST" skipped="0">
  <testcase classname="TestngPack.TestNgcase6" name="BCD" time="0.001"/>
  <testcase classname="TestngPack.TestNgcase6" name="ABC" time="0.004"/>
</testsuite> <!-- TestngPack.TestNgcase6 -->
