<?xml version="1.0" encoding="UTF-8"?>
<!-- Generated by org.testng.reporters.JUnitReportReporter -->
<testsuite hostname="RAJESH" failures="0" tests="1" name="amazonTestSuite.AmazonPaymentcase2" time="0.005" errors="0" timestamp="2023-11-08T12:46:07 IST" skipped="0">
  <testcase classname="amazonTestSuite.AmazonPaymentcase2" name="upi" time="0.005"/>
</testsuite> <!-- amazonTestSuite.AmazonPaymentcase2 -->
