<?xml version="1.0" encoding="UTF-8"?>
<!-- Generated by org.testng.reporters.JUnitReportReporter -->
<testsuite hostname="RAJESH" failures="0" tests="1" name="TestngPack.allAnnotation" time="0.007" errors="0" timestamp="2023-11-06T12:58:34 IST" skipped="0">
  <testcase classname="TestngPack.allAnnotation" name="test" time="0.007"/>
</testsuite> <!-- TestngPack.allAnnotation -->
