<?xml version="1.0" encoding="UTF-8"?>
<!-- Generated by org.testng.reporters.JUnitReportReporter -->
<testsuite hostname="RAJESH" failures="0" tests="1" name="TestngPack.Reporter1" time="2.887" errors="0" timestamp="2023-11-01T12:09:29 IST" skipped="0">
  <testcase classname="TestngPack.Reporter1" name="google" time="2.887">
    <system-out>
      <![CDATA[Test Case 1 last line]]>
    </system-out>
  </testcase> <!-- google -->
  <system-out>
    <![CDATA[Test Case 1 last line]]>
  </system-out>
</testsuite> <!-- TestngPack.Reporter1 -->
