<?xml version="1.0" encoding="UTF-8"?>
<!-- Generated by org.testng.reporters.JUnitReportReporter -->
<testsuite hostname="RAJESH" failures="0" tests="2" name="TestngPack.TestNGcase5" time="0.007" errors="0" timestamp="2023-11-01T15:29:52 IST" skipped="0">
  <testcase classname="TestngPack.TestNGcase5" name="ABC" time="0.006"/>
  <testcase classname="TestngPack.TestNGcase5" name="BCD" time="0.001"/>
</testsuite> <!-- TestngPack.TestNGcase5 -->
