<?xml version="1.0" encoding="UTF-8"?>
<!-- Generated by org.testng.reporters.JUnitReportReporter -->
<testsuite hostname="RAJESH" failures="0" tests="3" name="TestngPack.TestNgAssign" time="0.012" errors="0" timestamp="2023-11-01T15:42:06 IST" skipped="0">
  <testcase classname="TestngPack.TestNgAssign" name="ABC" time="0.004"/>
  <testcase classname="TestngPack.TestNgAssign" name="asd" time="0.001"/>
  <testcase classname="TestngPack.TestNgAssign" name="BCD" time="0.007"/>
</testsuite> <!-- TestngPack.TestNgAssign -->
